{"level":"info","message":"Hello0 from devops project","service":"devops_project"}
{"level":"info","message":"::1 - - [22/Jan/2026:15:04:21 +0000] \"GET / HTTP/1.1\" 200 25 \"-\" \"Mozilla/5.0 (Windows NT 10.0; Win64; x64) AppleWebKit/537.36 (KHTML, like Gecko) Chrome/144.0.0.0 Safari/537.36\"","service":"devops_project"}
{"level":"info","message":"::1 - - [22/Jan/2026:15:04:21 +0000] \"GET /favicon.ico HTTP/1.1\" 404 150 \"-\" \"Mozilla/5.0 (Windows NT 10.0; Win64; x64) AppleWebKit/537.36 (KHTML, like Gecko) Chrome/144.0.0.0 Safari/537.36\"","service":"devops_project"}
{"level":"info","message":"Hello from devops project","service":"devops_project"}
{"level":"info","message":"::1 - - [22/Jan/2026:15:04:36 +0000] \"GET / HTTP/1.1\" 304 - \"-\" \"Mozilla/5.0 (Windows NT 10.0; Win64; x64) AppleWebKit/537.36 (KHTML, like Gecko) Chrome/144.0.0.0 Safari/537.36\"","service":"devops_project"}
{"level":"info","message":"Hello from devops project","service":"devops_project"}
{"level":"info","message":"::1 - - [22/Jan/2026:15:30:06 +0000] \"GET / HTTP/1.1\" 304 - \"-\" \"Mozilla/5.0 (Windows NT 10.0; Win64; x64) AppleWebKit/537.36 (KHTML, like Gecko) Chrome/144.0.0.0 Safari/537.36\"","service":"devops_project"}
{"level":"info","message":"Hello from devops project","service":"devops_project"}
{"level":"info","message":"::1 - - [22/Jan/2026:15:36:04 +0000] \"GET / HTTP/1.1\" 200 25 \"-\" \"PostmanRuntime/7.49.0\"","service":"devops_project"}
{"level":"info","message":"::1 - - [22/Jan/2026:15:36:36 +0000] \"GET /api HTTP/1.1\" 200 43 \"-\" \"PostmanRuntime/7.49.0\"","service":"devops_project"}
{"level":"info","message":"::1 - - [22/Jan/2026:15:36:54 +0000] \"GET /health HTTP/1.1\" 200 75 \"-\" \"PostmanRuntime/7.49.0\"","service":"devops_project"}
{"level":"info","message":"::1 - - [23/Jan/2026:13:39:08 +0000] \"POST /api/sign-up HTTP/1.1\" 404 151 \"-\" \"PostmanRuntime/7.51.0\"","service":"devops_project"}
{"level":"info","message":"::1 - - [23/Jan/2026:13:39:25 +0000] \"POST /sign-up HTTP/1.1\" 404 147 \"-\" \"PostmanRuntime/7.51.0\"","service":"devops_project"}
{"level":"info","message":"::1 - - [23/Jan/2026:13:39:42 +0000] \"POST /api/auth/sign-up HTTP/1.1\" 400 92 \"-\" \"PostmanRuntime/7.51.0\"","service":"devops_project"}
{"level":"info","message":"User registered succesfully:test@gmail.com","service":"devops_project"}
{"level":"info","message":"::1 - - [23/Jan/2026:13:41:22 +0000] \"POST /api/auth/sign-up HTTP/1.1\" 201 97 \"-\" \"PostmanRuntime/7.51.0\"","service":"devops_project"}
{"level":"info","message":"User registered succesfully:test@gmail.com","service":"devops_project"}
{"level":"info","message":"::1 - - [23/Jan/2026:13:41:40 +0000] \"POST /api/auth/sign-up HTTP/1.1\" 201 97 \"-\" \"PostmanRuntime/7.51.0\"","service":"devops_project"}
{"level":"error","message":"Error creating the user: ReferenceError: hashPassword is not defined","service":"devops_project"}
{"level":"error","message":"Signup error hashPassword is not defined","service":"devops_project","stack":"ReferenceError: hashPassword is not defined\n    at createUser (file:///D:/Programing-Framework/DevOps_Project/src/services/auth.service.js:25:27)\n    at signup (file:///D:/Programing-Framework/DevOps_Project/src/controllers/auth.controller.js:18:24)\n    at Layer.handleRequest (D:\\Programing-Framework\\DevOps_Project\\node_modules\\router\\lib\\layer.js:152:17)\n    at next (D:\\Programing-Framework\\DevOps_Project\\node_modules\\router\\lib\\route.js:157:13)\n    at Route.dispatch (D:\\Programing-Framework\\DevOps_Project\\node_modules\\router\\lib\\route.js:117:3)\n    at handle (D:\\Programing-Framework\\DevOps_Project\\node_modules\\router\\index.js:435:11)\n    at Layer.handleRequest (D:\\Programing-Framework\\DevOps_Project\\node_modules\\router\\lib\\layer.js:152:17)\n    at D:\\Programing-Framework\\DevOps_Project\\node_modules\\router\\index.js:295:15\n    at processParams (D:\\Programing-Framework\\DevOps_Project\\node_modules\\router\\index.js:582:12)\n    at next (D:\\Programing-Framework\\DevOps_Project\\node_modules\\router\\index.js:291:5)"}
{"level":"info","message":"::1 - - [23/Jan/2026:13:54:09 +0000] \"POST /api/auth/sign-up HTTP/1.1\" 500 1276 \"-\" \"PostmanRuntime/7.51.0\"","service":"devops_project"}
{"level":"error","message":"Error hasing the password: Error: Invalid salt. Salt must be in the form of: $Vers$log2(NumRounds)$saltvalue","service":"devops_project"}
{"level":"error","message":"Error creating the user: Error: Error hashing","service":"devops_project"}
{"level":"error","message":"Signup error Error hashing","service":"devops_project","stack":"Error: Error hashing\n    at hashPassword (file:///D:/Programing-Framework/DevOps_Project/src/services/auth.service.js:12:11)\n    at async createUser (file:///D:/Programing-Framework/DevOps_Project/src/services/auth.service.js:25:27)\n    at async signup (file:///D:/Programing-Framework/DevOps_Project/src/controllers/auth.controller.js:18:18)"}
{"level":"info","message":"::1 - - [23/Jan/2026:13:54:57 +0000] \"POST /api/auth/sign-up HTTP/1.1\" 500 508 \"-\" \"PostmanRuntime/7.51.0\"","service":"devops_project"}
{"level":"info","message":"User test@gmail.com created successfully","service":"devops_project"}
{"level":"info","message":"User registered succesfully:test@gmail.com","service":"devops_project"}
{"level":"info","message":"::1 - - [23/Jan/2026:13:57:01 +0000] \"POST /api/auth/sign-up HTTP/1.1\" 201 97 \"-\" \"PostmanRuntime/7.51.0\"","service":"devops_project"}
{"level":"error","message":"Error creating the user: User already exists","service":"devops_project"}
{"level":"error","message":"Signup error User already exists","service":"devops_project","stack":"Error: User already exists\n    at createUser (file:///D:/Programing-Framework/DevOps_Project/src/services/auth.service.js:27:13)\n    at process.processTicksAndRejections (node:internal/process/task_queues:105:5)\n    at async signup (file:///D:/Programing-Framework/DevOps_Project/src/controllers/auth.controller.js:18:18)"}
{"level":"info","message":"::1 - - [23/Jan/2026:13:57:44 +0000] \"POST /api/auth/sign-up HTTP/1.1\" 500 487 \"-\" \"PostmanRuntime/7.51.0\"","service":"devops_project"}
{"level":"info","message":"User test@gmail.com authenticated successfully","service":"devops_project"}
{"level":"info","message":"User signed in successfully: test@gmail.com","service":"devops_project"}
{"level":"info","message":"::1 - - [23/Jan/2026:16:10:39 +0000] \"POST /api/auth/sign-in HTTP/1.1\" 200 110 \"-\" \"PostmanRuntime/7.51.0\"","service":"devops_project"}
{"level":"error","message":"Sign out error cookies.clear is not a function","service":"devops_project","stack":"TypeError: cookies.clear is not a function\n    at signOut (file:///D:/Programing-Framework/DevOps_Project/src/controllers/auth.controller.js:98:13)\n    at Layer.handleRequest (D:\\Programing-Framework\\DevOps_Project\\node_modules\\router\\lib\\layer.js:152:17)\n    at next (D:\\Programing-Framework\\DevOps_Project\\node_modules\\router\\lib\\route.js:157:13)\n    at Route.dispatch (D:\\Programing-Framework\\DevOps_Project\\node_modules\\router\\lib\\route.js:117:3)\n    at handle (D:\\Programing-Framework\\DevOps_Project\\node_modules\\router\\index.js:435:11)\n    at Layer.handleRequest (D:\\Programing-Framework\\DevOps_Project\\node_modules\\router\\lib\\layer.js:152:17)\n    at D:\\Programing-Framework\\DevOps_Project\\node_modules\\router\\index.js:295:15\n    at processParams (D:\\Programing-Framework\\DevOps_Project\\node_modules\\router\\index.js:582:12)\n    at next (D:\\Programing-Framework\\DevOps_Project\\node_modules\\router\\index.js:291:5)\n    at Function.handle (D:\\Programing-Framework\\DevOps_Project\\node_modules\\router\\index.js:186:3)"}
{"level":"info","message":"::1 - - [23/Jan/2026:16:11:32 +0000] \"POST /api/auth/sign-out HTTP/1.1\" 500 1273 \"-\" \"PostmanRuntime/7.51.0\"","service":"devops_project"}
{"level":"info","message":"User signed out successfully","service":"devops_project"}
{"level":"info","message":"::1 - - [23/Jan/2026:16:12:21 +0000] \"POST /api/auth/sign-out HTTP/1.1\" 200 42 \"-\" \"PostmanRuntime/7.51.0\"","service":"devops_project"}
{"ip":"::1","level":"warn","message":"Bot request block","path":"/health","service":"devops_project","userAgent":"PostmanRuntime/7.51.0"}
{"level":"info","message":"::1 - - [23/Jan/2026:17:18:39 +0000] \"GET /health HTTP/1.1\" 403 67 \"-\" \"PostmanRuntime/7.51.0\"","service":"devops_project"}
{"ip":"::1","level":"warn","message":"Bot request block","path":"/health","service":"devops_project","userAgent":"PostmanRuntime/7.51.0"}
{"level":"info","message":"::1 - - [23/Jan/2026:17:19:25 +0000] \"GET /health HTTP/1.1\" 403 67 \"-\" \"PostmanRuntime/7.51.0\"","service":"devops_project"}
